<?xml version="1.0" encoding="UTF-8"?>
<!-- Generated by org.testng.reporters.JUnitXMLReporter -->
<testsuite hostname="INBGQT-LT-0113" ignored="3" name="TestClass" tests="1" failures="0" timestamp="27 Jun 2018 12:14:01 GMT" time="95.742" errors="0">
  <testcase name="directDebitDelete" time="86.573" classname="com.test.TestClass"/>
  <testcase name="directDebitLogin" time="0.0" classname="com.test.TestClass">
    <ignored/>
  </testcase> <!-- directDebitLogin -->
  <testcase name="directDebitCancel" time="0.0" classname="com.test.TestClass">
    <ignored/>
  </testcase> <!-- directDebitCancel -->
  <testcase name="directDebitAmendment" time="0.0" classname="com.test.TestClass">
    <ignored/>
  </testcase> <!-- directDebitAmendment -->
</testsuite> <!-- TestClass -->
