<?xml version="1.0" encoding="UTF-8"?>
<testng-results skipped="0" failed="0" ignored="0" total="1" passed="1">
  <reporter-output>
  </reporter-output>
  <suite name="Surefire suite" duration-ms="10842" started-at="2018-04-28T07:08:25Z" finished-at="2018-04-28T07:08:36Z">
    <groups>
    </groups>
    <test name="Surefire test" duration-ms="10842" started-at="2018-04-28T07:08:25Z" finished-at="2018-04-28T07:08:36Z">
      <class name="com.test.TestClass">
        <test-method status="PASS" signature="firstMethod()[pri:0, instance:com.test.TestClass@6108b2d7]" name="firstMethod" duration-ms="10815" started-at="2018-04-28T07:08:25Z" finished-at="2018-04-28T07:08:36Z">
          <reporter-output>
          </reporter-output>
        </test-method> <!-- firstMethod -->
      </class> <!-- com.test.TestClass -->
    </test> <!-- Surefire test -->
  </suite> <!-- Surefire suite -->
</testng-results>
