<?xml version="1.0" encoding="UTF-8"?>
<testng-results skipped="0" failed="0" ignored="0" total="1" passed="1">
  <reporter-output>
  </reporter-output>
  <suite name="firstSuit" duration-ms="82617" started-at="2019-05-16T14:32:43Z" finished-at="2019-05-16T14:34:06Z">
    <groups>
    </groups>
    <test name="TestClass" duration-ms="82617" started-at="2019-05-16T14:32:43Z" finished-at="2019-05-16T14:34:06Z">
      <class name="com.test.TestClass">
        <test-method status="PASS" signature="startReporter()[pri:0, instance:com.test.TestClass@7a30d1e6]" name="startReporter" is-config="true" duration-ms="176" started-at="2019-05-16T14:32:43Z" finished-at="2019-05-16T14:32:44Z">
          <reporter-output>
          </reporter-output>
        </test-method> <!-- startReporter -->
        <test-method status="PASS" signature="setupClass(org.testng.ITestContext)[pri:0, instance:com.test.TestClass@7a30d1e6]" name="setupClass" is-config="true" duration-ms="7" started-at="2019-05-16T14:32:44Z" finished-at="2019-05-16T14:32:44Z">
          <params>
            <param index="0">
              <value>
                <![CDATA[org.testng.TestRunner@640f11a1]]>
              </value>
            </param>
          </params>
          <reporter-output>
          </reporter-output>
        </test-method> <!-- setupClass -->
        <test-method status="PASS" signature="methodSetup(java.lang.String)[pri:0, instance:com.test.TestClass@7a30d1e6]" name="methodSetup" is-config="true" duration-ms="11955" started-at="2019-05-16T14:32:44Z" finished-at="2019-05-16T14:32:56Z">
          <params>
            <param index="0">
              <value>
                <![CDATA[chrome]]>
              </value>
            </param>
          </params>
          <reporter-output>
          </reporter-output>
        </test-method> <!-- methodSetup -->
        <test-method status="PASS" signature="OrderManagement(java.util.Map)[pri:0, instance:com.test.TestClass@7a30d1e6]" name="OrderManagement" duration-ms="69050" started-at="2019-05-16T14:32:56Z" data-provider="CsvDataProvider" finished-at="2019-05-16T14:34:05Z">
          <params>
            <param index="0">
              <value>
                <![CDATA[{lastName=TestUser_LastName_01, password=Quali@123, emailId=TestUserEmailID_01@gmail.com, accountname=TestAccountQT_01, userName=shavin.lal@rubrik.com.rbkuat}]]>
              </value>
            </param>
          </params>
          <reporter-output>
          </reporter-output>
        </test-method> <!-- OrderManagement -->
        <test-method status="PASS" signature="methodTearDown(org.testng.ITestResult)[pri:0, instance:com.test.TestClass@7a30d1e6]" name="methodTearDown" is-config="true" duration-ms="1175" started-at="2019-05-16T14:34:05Z" finished-at="2019-05-16T14:34:06Z">
          <params>
            <param index="0">
              <value>
                <![CDATA[[TestResult name=OrderManagement status=SUCCESS method=TestClass.OrderManagement(java.util.Map)[pri:0, instance:com.test.TestClass@7a30d1e6] output={null}]]]>
              </value>
            </param>
          </params>
          <reporter-output>
          </reporter-output>
        </test-method> <!-- methodTearDown -->
        <test-method status="PASS" signature="testTearDown()[pri:0, instance:com.test.TestClass@7a30d1e6]" name="testTearDown" is-config="true" duration-ms="235" started-at="2019-05-16T14:34:06Z" finished-at="2019-05-16T14:34:06Z">
          <reporter-output>
          </reporter-output>
        </test-method> <!-- testTearDown -->
      </class> <!-- com.test.TestClass -->
    </test> <!-- TestClass -->
  </suite> <!-- firstSuit -->
</testng-results>
